  GladiatorsGames.cpp
C:\programs\Cpp\Game\GladiatorsGames\Menu.h(30,24): warning C4244: инициализация: преобразование "float" в "int", возможна потеря данных
  (компиляция исходного файла "GladiatorsGames.cpp")
  
C:\programs\Cpp\Game\GladiatorsGames\Menu.h(31,48): warning C4244: аргумент: преобразование "int" в "float", возможна потеря данных
  (компиляция исходного файла "GladiatorsGames.cpp")
  
C:\programs\Cpp\Game\GladiatorsGames\BaseGladiator.h(22,30): warning C4244: аргумент: преобразование "int" в "T", возможна потеря данных
C:\programs\Cpp\Game\GladiatorsGames\BaseGladiator.h(22,30): warning C4244:         with
C:\programs\Cpp\Game\GladiatorsGames\BaseGladiator.h(22,30): warning C4244:         [
C:\programs\Cpp\Game\GladiatorsGames\BaseGladiator.h(22,30): warning C4244:             T=float
C:\programs\Cpp\Game\GladiatorsGames\BaseGladiator.h(22,30): warning C4244:         ]
  (компиляция исходного файла "GladiatorsGames.cpp")
  
C:\programs\Cpp\Game\GladiatorsGames\BaseGladiator.h(22,27): warning C4244: аргумент: преобразование "int" в "T", возможна потеря данных
C:\programs\Cpp\Game\GladiatorsGames\BaseGladiator.h(22,27): warning C4244:         with
C:\programs\Cpp\Game\GladiatorsGames\BaseGladiator.h(22,27): warning C4244:         [
C:\programs\Cpp\Game\GladiatorsGames\BaseGladiator.h(22,27): warning C4244:             T=float
C:\programs\Cpp\Game\GladiatorsGames\BaseGladiator.h(22,27): warning C4244:         ]
  (компиляция исходного файла "GladiatorsGames.cpp")
  
C:\programs\Cpp\Game\GladiatorsGames\BossGladiator.h(12,79): warning C4244: аргумент: преобразование "int" в "float", возможна потеря данных
  (компиляция исходного файла "GladiatorsGames.cpp")
  
C:\programs\Cpp\Game\GladiatorsGames\BossGladiator.h(12,72): warning C4244: аргумент: преобразование "int" в "float", возможна потеря данных
  (компиляция исходного файла "GladiatorsGames.cpp")
  
C:\programs\Cpp\Game\GladiatorsGames\SamuraiGladiator.h(6,84): warning C4244: аргумент: преобразование "int" в "float", возможна потеря данных
  (компиляция исходного файла "GladiatorsGames.cpp")
  
C:\programs\Cpp\Game\GladiatorsGames\SamuraiGladiator.h(6,77): warning C4244: аргумент: преобразование "int" в "float", возможна потеря данных
  (компиляция исходного файла "GladiatorsGames.cpp")
  
C:\programs\Cpp\Game\GladiatorsGames\GladiatorsGames.cpp(13,27): warning C4244: аргумент: преобразование "int" в "float", возможна потеря данных
C:\programs\Cpp\Game\GladiatorsGames\GladiatorsGames.cpp(73,14): warning C4244: инициализация: преобразование "unsigned int" в "float", возможна потеря данных
C:\programs\Cpp\Game\GladiatorsGames\GladiatorsGames.cpp(74,15): warning C4244: инициализация: преобразование "unsigned int" в "float", возможна потеря данных
  GladiatorsGames.vcxproj -> C:\programs\Cpp\Game\GladiatorsGames\x64\Debug\GladiatorsGames.exe
  "pwsh.exe" не является внутренней или внешней
  командой, исполняемой программой или пакетным файлом.
